[debug] ----------------------------------------------------------------------
[debug] Command:      /usr/bin/nodejs /home/khophi/.npm-global/bin/firebase deploy
[debug] CLI Version:  3.2.1
[debug] Platform:     linux
[debug] Node Version: v6.9.2
[debug] Time:         Wed Jan 04 2017 20:13:54 GMT+0000 (GMT)
[debug] ----------------------------------------------------------------------
[debug] 
[debug] > command requires scopes: ["email","openid","https://www.googleapis.com/auth/cloudplatformprojects.readonly","https://www.googleapis.com/auth/firebase"]
[debug] > refreshing access token with scopes: ["email","https://www.googleapis.com/auth/cloudplatformprojects.readonly","https://www.googleapis.com/auth/firebase","openid"]
[debug] >>> HTTP REQUEST POST https://www.googleapis.com/oauth2/v3/token
[debug] <<< HTTP RESPONSE 200
[debug] >>> HTTP REQUEST GET https://admin.firebase.com/v1/projects/madewithfirebase 
[debug] <<< HTTP RESPONSE 200
[debug] >>> HTTP REQUEST GET https://admin.firebase.com/v1/database/madewithfirebase/tokens 
[debug] <<< HTTP RESPONSE 200
[info] 
[info] === Deploying to 'madewithfirebase'...
[info] 
[info] i  deploying database, hosting
[info] ✔  database: rules ready to deploy.
[info] i  hosting: preparing app directory for upload...
[debug] >>> HTTP REQUEST PUT https://deploy.firebase.com/v1/hosting/madewithfirebase/uploads/-K_f6UihTe72qV8fDDys?fileCount=830&message= 
